# JRE version: OpenJDK Runtime Environment Microsoft-7208460 (11.0.18+10) (build 11.0.18+10-LTS)
# Java VM: OpenJDK 64-Bit Server VM Microsoft-7208460 (11.0.18+10-LTS, mixed mode, tiered, compressed oops, g1 gc, windows-amd64)
Heap:
 garbage-first heap   total 220160K, used 106395K [0x0000000082000000, 0x0000000100000000)
  region size 1024K, 35 young (35840K), 10 survivors (10240K)
 Metaspace       used 70326K, capacity 71243K, committed 71296K, reserved 1112064K
  class space    used 7643K, capacity 8021K, committed 8064K, reserved 1048576K
GC Heap History (20 events):
Event: 0.837 GC heap before
{Heap before GC invocations=0 (full 0):
 garbage-first heap   total 129024K, used 17408K [0x0000000082000000, 0x0000000100000000)
  region size 1024K, 14 young (14336K), 0 survivors (0K)
 Metaspace       used 9896K, capacity 9970K, committed 10112K, reserved 1058816K
  class space    used 831K, capacity 853K, committed 896K, reserved 1048576K
}
Event: 0.936 GC heap after
{Heap after GC invocations=1 (full 0):
 garbage-first heap   total 129024K, used 5463K [0x0000000082000000, 0x0000000100000000)
  region size 1024K, 2 young (2048K), 2 survivors (2048K)
 Metaspace       used 9896K, capacity 9970K, committed 10112K, reserved 1058816K
  class space    used 831K, capacity 853K, committed 896K, reserved 1048576K
}
Event: 2.760 GC heap before
{Heap before GC invocations=1 (full 0):
 garbage-first heap   total 129024K, used 50519K [0x0000000082000000, 0x0000000100000000)
  region size 1024K, 47 young (48128K), 2 survivors (2048K)
 Metaspace       used 20981K, capacity 21182K, committed 21248K, reserved 1069056K
  class space    used 2199K, capacity 2280K, committed 2304K, reserved 1048576K
}
Event: 2.778 GC heap after
{Heap after GC invocations=2 (full 0):
 garbage-first heap   total 129024K, used 9256K [0x0000000082000000, 0x0000000100000000)
  region size 1024K, 6 young (6144K), 6 survivors (6144K)
 Metaspace       used 20981K, capacity 21182K, committed 21248K, reserved 1069056K
  class space    used 2199K, capacity 2280K, committed 2304K, reserved 1048576K
}
Event: 6.516 GC heap before
{Heap before GC invocations=3 (full 0):
 garbage-first heap   total 129024K, used 61480K [0x0000000082000000, 0x0000000100000000)
  region size 1024K, 52 young (53248K), 6 survivors (6144K)
 Metaspace       used 31817K, capacity 32250K, committed 32512K, reserved 1077248K
  class space    used 3913K, capacity 4084K, committed 4096K, reserved 1048576K
}
Event: 6.533 GC heap after
{Heap after GC invocations=4 (full 0):
 garbage-first heap   total 129024K, used 20947K [0x0000000082000000, 0x0000000100000000)
  region size 1024K, 7 young (7168K), 7 survivors (7168K)
 Metaspace       used 31817K, capacity 32250K, committed 32512K, reserved 1077248K
  class space    used 3913K, capacity 4084K, committed 4096K, reserved 1048576K
}
Event: 8.163 GC heap before
{Heap before GC invocations=4 (full 0):
 garbage-first heap   total 129024K, used 35283K [0x0000000082000000, 0x0000000100000000)
  region size 1024K, 22 young (22528K), 7 survivors (7168K)
 Metaspace       used 35336K, capacity 35786K, committed 35840K, reserved 1081344K
  class space    used 4300K, capacity 4474K, committed 4480K, reserved 1048576K
}
Event: 8.176 GC heap after
{Heap after GC invocations=5 (full 0):
 garbage-first heap   total 129024K, used 20557K [0x0000000082000000, 0x0000000100000000)
  region size 1024K, 2 young (2048K), 2 survivors (2048K)
 Metaspace       used 35336K, capacity 35786K, committed 35840K, reserved 1081344K
  class space    used 4300K, capacity 4474K, committed 4480K, reserved 1048576K
}
Event: 12.659 GC heap before
{Heap before GC invocations=6 (full 0):
 garbage-first heap   total 129024K, used 78925K [0x0000000082000000, 0x0000000100000000)
  region size 1024K, 57 young (58368K), 2 survivors (2048K)
 Metaspace       used 46959K, capacity 47500K, committed 47744K, reserved 1091584K
  class space    used 5472K, capacity 5684K, committed 5760K, reserved 1048576K
}
Event: 12.683 GC heap after
{Heap after GC invocations=7 (full 0):
 garbage-first heap   total 129024K, used 28728K [0x0000000082000000, 0x0000000100000000)
  region size 1024K, 8 young (8192K), 8 survivors (8192K)
 Metaspace       used 46959K, capacity 47500K, committed 47744K, reserved 1091584K
  class space    used 5472K, capacity 5684K, committed 5760K, reserved 1048576K
}
Event: 16.016 GC heap before
{Heap before GC invocations=8 (full 0):
 garbage-first heap   total 129024K, used 87096K [0x0000000082000000, 0x0000000100000000)
  region size 1024K, 64 young (65536K), 8 survivors (8192K)
 Metaspace       used 50719K, capacity 51346K, committed 51456K, reserved 1095680K
  class space    used 5792K, capacity 6035K, committed 6144K, reserved 1048576K
}
Event: 16.045 GC heap after
{Heap after GC invocations=9 (full 0):
 garbage-first heap   total 220160K, used 36565K [0x0000000082000000, 0x0000000100000000)
  region size 1024K, 8 young (8192K), 8 survivors (8192K)
 Metaspace       used 50719K, capacity 51346K, committed 51456K, reserved 1095680K
  class space    used 5792K, capacity 6035K, committed 6144K, reserved 1048576K
}
Event: 23.487 GC heap before
{Heap before GC invocations=9 (full 0):
 garbage-first heap   total 220160K, used 115413K [0x0000000082000000, 0x0000000100000000)
  region size 1024K, 85 young (87040K), 8 survivors (8192K)
 Metaspace       used 60222K, capacity 60974K, committed 61184K, reserved 1103872K
  class space    used 6810K, capacity 7135K, committed 7168K, reserved 1048576K
}
Event: 23.519 GC heap after
{Heap after GC invocations=10 (full 0):
 garbage-first heap   total 220160K, used 47929K [0x0000000082000000, 0x0000000100000000)
  region size 1024K, 11 young (11264K), 11 survivors (11264K)
 Metaspace       used 60222K, capacity 60974K, committed 61184K, reserved 1103872K
  class space    used 6810K, capacity 7135K, committed 7168K, reserved 1048576K
}
Event: 25.893 GC heap before
{Heap before GC invocations=10 (full 0):
 garbage-first heap   total 220160K, used 142137K [0x0000000082000000, 0x0000000100000000)
  region size 1024K, 103 young (105472K), 11 survivors (11264K)
 Metaspace       used 62195K, capacity 63035K, committed 63232K, reserved 1105920K
  class space    used 7019K, capacity 7374K, committed 7424K, reserved 1048576K
}
Event: 25.950 GC heap after
{Heap after GC invocations=11 (full 0):
 garbage-first heap   total 220160K, used 61440K [0x0000000082000000, 0x0000000100000000)
  region size 1024K, 13 young (13312K), 13 survivors (13312K)
 Metaspace       used 62195K, capacity 63035K, committed 63232K, reserved 1105920K
  class space    used 7019K, capacity 7374K, committed 7424K, reserved 1048576K
}
Event: 30.588 GC heap before
{Heap before GC invocations=11 (full 0):
 garbage-first heap   total 220160K, used 154624K [0x0000000082000000, 0x0000000100000000)
  region size 1024K, 103 young (105472K), 13 survivors (13312K)
 Metaspace       used 67016K, capacity 67891K, committed 67968K, reserved 1110016K
  class space    used 7412K, capacity 7772K, committed 7808K, reserved 1048576K
}
Event: 30.613 GC heap after
{Heap after GC invocations=12 (full 0):
 garbage-first heap   total 220160K, used 70112K [0x0000000082000000, 0x0000000100000000)
  region size 1024K, 8 young (8192K), 8 survivors (8192K)
 Metaspace       used 67016K, capacity 67891K, committed 67968K, reserved 1110016K
  class space    used 7412K, capacity 7772K, committed 7808K, reserved 1048576K
}
Event: 39.676 GC heap before
{Heap before GC invocations=12 (full 0):
 garbage-first heap   total 220160K, used 164320K [0x0000000082000000, 0x0000000100000000)
  region size 1024K, 98 young (100352K), 8 survivors (8192K)
 Metaspace       used 70083K, capacity 71050K, committed 71296K, reserved 1112064K
  class space    used 7641K, capacity 8021K, committed 8064K, reserved 1048576K
}
Event: 39.697 GC heap after
{Heap after GC invocations=13 (full 0):
 garbage-first heap   total 220160K, used 81819K [0x0000000082000000, 0x0000000100000000)
  region size 1024K, 10 young (10240K), 10 survivors (10240K)
 Metaspace       used 70083K, capacity 71050K, committed 71296K, reserved 1112064K
  class space    used 7641K, capacity 8021K, committed 8064K, reserved 1048576K
}

